#
# There is insufficient memory for the Java Runtime Environment to continue.
# Native memory allocation (malloc) failed to allocate 32744 bytes. Error detail: Chunk::new
# Possible reasons:
#   The system is out of physical RAM or swap space
#   This process is running with CompressedOops enabled, and the Java Heap may be blocking the growth of the native heap
# Possible solutions:
#   Reduce memory load on the system
#   Increase physical memory or swap space
#   Check if swap backing store is full
#   Decrease Java heap size (-Xmx/-Xms)
#   Decrease number of Java threads
#   Decrease Java thread stack sizes (-Xss)
#   Set larger code cache with -XX:ReservedCodeCacheSize=
#   JVM is running with Unscaled Compressed Oops mode in which the Java heap is
#     placed in the first 4GB address space. The Java Heap base address is the
#     maximum limit for the native heap growth. Please use -XX:HeapBaseMinAddress
#     to set the Java Heap base and to place the Java Heap above 4GB virtual address.
# This output file may be truncated or incomplete.
#
#  Out of Memory Error (arena.cpp:168), pid=27224, tid=7516
#
# JRE version: OpenJDK Runtime Environment (21.0.8) (build 21.0.8+-14196175-b1038.72)
# Java VM: OpenJDK 64-Bit Server VM (21.0.8+-14196175-b1038.72, mixed mode, tiered, compressed oops, compressed class ptrs, g1 gc, windows-amd64)
# No core dump will be written. Minidumps are not enabled by default on client versions of Windows
#

---------------  S U M M A R Y ------------

Command Line: -Dorg.gradle.appname=gradlew org.gradle.wrapper.GradleWrapperMain -q -Ptarget-platform=android-arm64 -Ptarget=C:\src\TESIS\ficha_vulnerabilidad\lib\main.dart -Pbase-application-name=android.app.Application -Pdart-defines=Zmx1dHRlci5pbnNwZWN0b3Iuc3RydWN0dXJlZEVycm9ycz10cnVl,RkxVVFRFUl9WRVJTSU9OPTMuMzguNw==,RkxVVFRFUl9DSEFOTkVMPXN0YWJsZQ==,RkxVVFRFUl9HSVRfVVJMPWh0dHBzOi8vZ2l0aHViLmNvbS9mbHV0dGVyL2ZsdXR0ZXIuZ2l0,RkxVVFRFUl9GUkFNRVdPUktfUkVWSVNJT049M2I2MmVmYzJhMw==,RkxVVFRFUl9FTkdJTkVfUkVWSVNJT049NzhmYzMwMTJlNA==,RkxVVFRFUl9EQVJUX1ZFUlNJT049My4xMC43 -Pdart-obfuscation=false -Ptrack-widget-creation=true -Ptree-shake-icons=false -Pfilesystem-scheme=org-dartlang-root assembleDebug

Host: 12th Gen Intel(R) Core(TM) i5-12500, 12 cores, 7G,  Windows 11 , 64 bit Build 22621 (10.0.22621.2215)
Time: Wed Feb 11 14:11:13 2026 Hora est. Pacífico, Sudamérica elapsed time: 27.005900 seconds (0d 0h 0m 27s)

---------------  T H R E A D  ---------------

Current thread (0x000001bf1a07d520):  JavaThread "C1 CompilerThread0" daemon [_thread_in_native, id=7516, stack(0x0000003496e00000,0x0000003496f00000) (1024K)]


Current CompileTask:
C1:27006 1733   !   3       java.util.concurrent.locks.AbstractQueuedSynchronizer::acquire (424 bytes)

Stack: [0x0000003496e00000,0x0000003496f00000]
Native frames: (J=compiled Java code, j=interpreted, Vv=VM code, C=native code)
V  [jvm.dll+0x6d68d9]
V  [jvm.dll+0x866693]
V  [jvm.dll+0x868c4e]
V  [jvm.dll+0x869333]
V  [jvm.dll+0x280566]
V  [jvm.dll+0xc07cd]
V  [jvm.dll+0xc0d03]
V  [jvm.dll+0x19414e]
V  [jvm.dll+0x199355]
V  [jvm.dll+0x151873]
V  [jvm.dll+0x151118]
V  [jvm.dll+0x151356]
V  [jvm.dll+0x1506cf]
V  [jvm.dll+0x1524f1]
V  [jvm.dll+0x257f9e]
V  [jvm.dll+0x2564e6]
V  [jvm.dll+0x3f4696]
V  [jvm.dll+0x80eac8]
V  [jvm.dll+0x6d512d]
C  [ucrtbase.dll+0x29363]
C  [KERNEL32.DLL+0x1257d]
C  [ntdll.dll+0x5aa68]


---------------  P R O C E S S  ---------------

Threads class SMR info:
_java_thread_list=0x000001bf1b154040, length=12, elements={
0x000001bf7b6c7760, 0x000001bf1a05fec0, 0x000001bf1a03ddb0, 0x000001bf1a061fd0,
0x000001bf1a07ec80, 0x000001bf1a077720, 0x000001bf1a077d90, 0x000001bf1a0787f0,
0x000001bf1a079580, 0x000001bf1a07d520, 0x000001bf1a23fb80, 0x000001bf1b03a8b0
}

Java Threads: ( => current thread )
  0x000001bf7b6c7760 JavaThread "main"                              [_thread_in_native, id=39388, stack(0x0000003495e00000,0x0000003495f00000) (1024K)]
  0x000001bf1a05fec0 JavaThread "Common-Cleaner"             daemon [_thread_blocked, id=10956, stack(0x0000003496600000,0x0000003496700000) (1024K)]
  0x000001bf1a03ddb0 JavaThread "Reference Handler"          daemon [_thread_blocked, id=37404, stack(0x0000003496700000,0x0000003496800000) (1024K)]
  0x000001bf1a061fd0 JavaThread "Finalizer"                  daemon [_thread_blocked, id=8664, stack(0x0000003496800000,0x0000003496900000) (1024K)]
  0x000001bf1a07ec80 JavaThread "Signal Dispatcher"          daemon [_thread_blocked, id=22512, stack(0x0000003496900000,0x0000003496a00000) (1024K)]
  0x000001bf1a077720 JavaThread "Attach Listener"            daemon [_thread_blocked, id=2284, stack(0x0000003496a00000,0x0000003496b00000) (1024K)]
  0x000001bf1a077d90 JavaThread "Service Thread"             daemon [_thread_blocked, id=31092, stack(0x0000003496b00000,0x0000003496c00000) (1024K)]
  0x000001bf1a0787f0 JavaThread "Monitor Deflation Thread"   daemon [_thread_blocked, id=17628, stack(0x0000003496c00000,0x0000003496d00000) (1024K)]
  0x000001bf1a079580 JavaThread "C2 CompilerThread0"         daemon [_thread_blocked, id=39260, stack(0x0000003496d00000,0x0000003496e00000) (1024K)]
=>0x000001bf1a07d520 JavaThread "C1 CompilerThread0"         daemon [_thread_in_native, id=7516, stack(0x0000003496e00000,0x0000003496f00000) (1024K)]
  0x000001bf1a23fb80 JavaThread "Notification Thread"        daemon [_thread_blocked, id=18180, stack(0x0000003496f00000,0x0000003497000000) (1024K)]
  0x000001bf1b03a8b0 JavaThread "pool-1-thread-1"                   [_thread_in_vm, id=20776, stack(0x0000003497300000,0x0000003497400000) (1024K)]
Total: 12

Other Threads:
  0x000001bf7f4da660 VMThread "VM Thread"                           [id=12160, stack(0x0000003496500000,0x0000003496600000) (1024K)]
  0x000001bf7f47b170 WatcherThread "VM Periodic Task Thread"        [id=12052, stack(0x0000003496400000,0x0000003496500000) (1024K)]
  0x000001bf7ba12f40 WorkerThread "GC Thread#0"                     [id=23520, stack(0x0000003495f00000,0x0000003496000000) (1024K)]
  0x000001bf1a523c10 WorkerThread "GC Thread#1"                     [id=33952, stack(0x0000003497000000,0x0000003497100000) (1024K)]
  0x000001bf1a525930 WorkerThread "GC Thread#2"                     [id=38916, stack(0x0000003497100000,0x0000003497200000) (1024K)]
  0x000001bf1a525cd0 WorkerThread "GC Thread#3"                     [id=4036, stack(0x0000003497200000,0x0000003497300000) (1024K)]
  0x000001bf7ba24770 ConcurrentGCThread "G1 Main Marker"            [id=39280, stack(0x0000003496000000,0x0000003496100000) (1024K)]
  0x000001bf7ba25920 WorkerThread "G1 Conc#0"                       [id=24228, stack(0x0000003496100000,0x0000003496200000) (1024K)]
  0x000001bf7f349d40 ConcurrentGCThread "G1 Refine#0"               [id=34976, stack(0x0000003496200000,0x0000003496300000) (1024K)]
  0x000001bf7f34a560 ConcurrentGCThread "G1 Service"                [id=30200, stack(0x0000003496300000,0x0000003496400000) (1024K)]
Total: 10

Threads with active compile tasks:
C1 CompilerThread0  27049 1733   !   3       java.util.concurrent.locks.AbstractQueuedSynchronizer::acquire (424 bytes)
Total: 1

VM state: not at safepoint (normal execution)

VM Mutex/Monitor currently owned by a thread: None

Heap address: 0x0000000084200000, size: 1982 MB, Compressed Oops mode: 32-bit

CDS archive(s) not mapped
Compressed class space mapped at: 0x0000000100000000-0x0000000140000000, reserved size: 1073741824
Narrow klass base: 0x0000000000000000, Narrow klass shift: 3, Narrow klass range: 0x140000000

GC Precious Log:
 CardTable entry size: 512
 Card Set container configuration: InlinePtr #cards 5 size 8 Array Of Cards #cards 12 size 40 Howl #buckets 4 coarsen threshold 1843 Howl Bitmap #cards 512 size 80 coarsen threshold 460 Card regions per heap region 1 cards per card region 2048
 CPUs: 12 total, 12 available
 Memory: 7920M
 Large Page Support: Disabled
 NUMA Support: Disabled
 Compressed Oops: Enabled (32-bit)
 Heap Region Size: 1M
 Heap Min Capacity: 8M
 Heap Initial Capacity: 124M
 Heap Max Capacity: 1982M
 Pre-touch: Disabled
 Parallel Workers: 10
 Concurrent Workers: 3
 Concurrent Refinement Workers: 10
 Periodic GC: Disabled

Heap:
 garbage-first heap   total 126976K, used 38848K [0x0000000084200000, 0x0000000100000000)
  region size 1024K, 37 young (37888K), 2 survivors (2048K)
 Metaspace       used 17780K, committed 18112K, reserved 1114112K
  class space    used 2150K, committed 2304K, reserved 1048576K

Heap Regions: E=young(eden), S=young(survivor), O=old, HS=humongous(starts), HC=humongous(continues), CS=collection set, F=free, TAMS=top-at-mark-start, PB=parsable bottom
|   0|0x0000000084200000, 0x0000000084300000, 0x0000000084300000|100%|HS|  |TAMS 0x0000000084200000| PB 0x0000000084200000| Complete 
|   1|0x0000000084300000, 0x0000000084400000, 0x0000000084400000|100%|HC|  |TAMS 0x0000000084300000| PB 0x0000000084300000| Complete 
|   2|0x0000000084400000, 0x0000000084500000, 0x0000000084500000|100%|HC|  |TAMS 0x0000000084400000| PB 0x0000000084400000| Complete 
|   3|0x0000000084500000, 0x0000000084500000, 0x0000000084600000|  0%| F|  |TAMS 0x0000000084500000| PB 0x0000000084500000| Untracked 
|   4|0x0000000084600000, 0x0000000084600000, 0x0000000084700000|  0%| F|  |TAMS 0x0000000084600000| PB 0x0000000084600000| Untracked 
|   5|0x0000000084700000, 0x0000000084700000, 0x0000000084800000|  0%| F|  |TAMS 0x0000000084700000| PB 0x0000000084700000| Untracked 
|   6|0x0000000084800000, 0x0000000084800000, 0x0000000084900000|  0%| F|  |TAMS 0x0000000084800000| PB 0x0000000084800000| Untracked 
|   7|0x0000000084900000, 0x0000000084900000, 0x0000000084a00000|  0%| F|  |TAMS 0x0000000084900000| PB 0x0000000084900000| Untracked 
|   8|0x0000000084a00000, 0x0000000084a00000, 0x0000000084b00000|  0%| F|  |TAMS 0x0000000084a00000| PB 0x0000000084a00000| Untracked 
|   9|0x0000000084b00000, 0x0000000084b00000, 0x0000000084c00000|  0%| F|  |TAMS 0x0000000084b00000| PB 0x0000000084b00000| Untracked 
|  10|0x0000000084c00000, 0x0000000084c00000, 0x0000000084d00000|  0%| F|  |TAMS 0x0000000084c00000| PB 0x0000000084c00000| Untracked 
|  11|0x0000000084d00000, 0x0000000084d00000, 0x0000000084e00000|  0%| F|  |TAMS 0x0000000084d00000| PB 0x0000000084d00000| Untracked 
|  12|0x0000000084e00000, 0x0000000084e00000, 0x0000000084f00000|  0%| F|  |TAMS 0x0000000084e00000| PB 0x0000000084e00000| Untracked 
|  13|0x0000000084f00000, 0x0000000084f00000, 0x0000000085000000|  0%| F|  |TAMS 0x0000000084f00000| PB 0x0000000084f00000| Untracked 
|  14|0x0000000085000000, 0x0000000085000000, 0x0000000085100000|  0%| F|  |TAMS 0x0000000085000000| PB 0x0000000085000000| Untracked 
|  15|0x0000000085100000, 0x0000000085100000, 0x0000000085200000|  0%| F|  |TAMS 0x0000000085100000| PB 0x0000000085100000| Untracked 
|  16|0x0000000085200000, 0x0000000085200000, 0x0000000085300000|  0%| F|  |TAMS 0x0000000085200000| PB 0x0000000085200000| Untracked 
|  17|0x0000000085300000, 0x0000000085300000, 0x0000000085400000|  0%| F|  |TAMS 0x0000000085300000| PB 0x0000000085300000| Untracked 
|  18|0x0000000085400000, 0x0000000085400000, 0x0000000085500000|  0%| F|  |TAMS 0x0000000085400000| PB 0x0000000085400000| Untracked 
|  19|0x0000000085500000, 0x0000000085500000, 0x0000000085600000|  0%| F|  |TAMS 0x0000000085500000| PB 0x0000000085500000| Untracked 
|  20|0x0000000085600000, 0x0000000085600000, 0x0000000085700000|  0%| F|  |TAMS 0x0000000085600000| PB 0x0000000085600000| Untracked 
|  21|0x0000000085700000, 0x0000000085700000, 0x0000000085800000|  0%| F|  |TAMS 0x0000000085700000| PB 0x0000000085700000| Untracked 
|  22|0x0000000085800000, 0x0000000085800000, 0x0000000085900000|  0%| F|  |TAMS 0x0000000085800000| PB 0x0000000085800000| Untracked 
|  23|0x0000000085900000, 0x0000000085900000, 0x0000000085a00000|  0%| F|  |TAMS 0x0000000085900000| PB 0x0000000085900000| Untracked 
|  24|0x0000000085a00000, 0x0000000085a00000, 0x0000000085b00000|  0%| F|  |TAMS 0x0000000085a00000| PB 0x0000000085a00000| Untracked 
|  25|0x0000000085b00000, 0x0000000085b00000, 0x0000000085c00000|  0%| F|  |TAMS 0x0000000085b00000| PB 0x0000000085b00000| Untracked 
|  26|0x0000000085c00000, 0x0000000085c00000, 0x0000000085d00000|  0%| F|  |TAMS 0x0000000085c00000| PB 0x0000000085c00000| Untracked 
|  27|0x0000000085d00000, 0x0000000085d00000, 0x0000000085e00000|  0%| F|  |TAMS 0x0000000085d00000| PB 0x0000000085d00000| Untracked 
|  28|0x0000000085e00000, 0x0000000085e00000, 0x0000000085f00000|  0%| F|  |TAMS 0x0000000085e00000| PB 0x0000000085e00000| Untracked 
|  29|0x0000000085f00000, 0x0000000085f00000, 0x0000000086000000|  0%| F|  |TAMS 0x0000000085f00000| PB 0x0000000085f00000| Untracked 
|  30|0x0000000086000000, 0x0000000086000000, 0x0000000086100000|  0%| F|  |TAMS 0x0000000086000000| PB 0x0000000086000000| Untracked 
|  31|0x0000000086100000, 0x0000000086100000, 0x0000000086200000|  0%| F|  |TAMS 0x0000000086100000| PB 0x0000000086100000| Untracked 
|  32|0x0000000086200000, 0x0000000086200000, 0x0000000086300000|  0%| F|  |TAMS 0x0000000086200000| PB 0x0000000086200000| Untracked 
|  33|0x0000000086300000, 0x0000000086300000, 0x0000000086400000|  0%| F|  |TAMS 0x0000000086300000| PB 0x0000000086300000| Untracked 
|  34|0x0000000086400000, 0x0000000086400000, 0x0000000086500000|  0%| F|  |TAMS 0x0000000086400000| PB 0x0000000086400000| Untracked 
|  35|0x0000000086500000, 0x0000000086500000, 0x0000000086600000|  0%| F|  |TAMS 0x0000000086500000| PB 0x0000000086500000| Untracked 
|  36|0x0000000086600000, 0x0000000086600000, 0x0000000086700000|  0%| F|  |TAMS 0x0000000086600000| PB 0x0000000086600000| Untracked 
|  37|0x0000000086700000, 0x0000000086700000, 0x0000000086800000|  0%| F|  |TAMS 0x0000000086700000| PB 0x0000000086700000| Untracked 
|  38|0x0000000086800000, 0x0000000086800000, 0x0000000086900000|  0%| F|  |TAMS 0x0000000086800000| PB 0x0000000086800000| Untracked 
|  39|0x0000000086900000, 0x0000000086900000, 0x0000000086a00000|  0%| F|  |TAMS 0x0000000086900000| PB 0x0000000086900000| Untracked 
|  40|0x0000000086a00000, 0x0000000086a00000, 0x0000000086b00000|  0%| F|  |TAMS 0x0000000086a00000| PB 0x0000000086a00000| Untracked 
|  41|0x0000000086b00000, 0x0000000086b00000, 0x0000000086c00000|  0%| F|  |TAMS 0x0000000086b00000| PB 0x0000000086b00000| Untracked 
|  42|0x0000000086c00000, 0x0000000086c00000, 0x0000000086d00000|  0%| F|  |TAMS 0x0000000086c00000| PB 0x0000000086c00000| Untracked 
|  43|0x0000000086d00000, 0x0000000086d00000, 0x0000000086e00000|  0%| F|  |TAMS 0x0000000086d00000| PB 0x0000000086d00000| Untracked 
|  44|0x0000000086e00000, 0x0000000086e00000, 0x0000000086f00000|  0%| F|  |TAMS 0x0000000086e00000| PB 0x0000000086e00000| Untracked 
|  45|0x0000000086f00000, 0x0000000086f00000, 0x0000000087000000|  0%| F|  |TAMS 0x0000000086f00000| PB 0x0000000086f00000| Untracked 
|  46|0x0000000087000000, 0x0000000087000000, 0x0000000087100000|  0%| F|  |TAMS 0x0000000087000000| PB 0x0000000087000000| Untracked 
|  47|0x0000000087100000, 0x0000000087100000, 0x0000000087200000|  0%| F|  |TAMS 0x0000000087100000| PB 0x0000000087100000| Untracked 
|  48|0x0000000087200000, 0x0000000087200000, 0x0000000087300000|  0%| F|  |TAMS 0x0000000087200000| PB 0x0000000087200000| Untracked 
|  49|0x0000000087300000, 0x0000000087300000, 0x0000000087400000|  0%| F|  |TAMS 0x0000000087300000| PB 0x0000000087300000| Untracked 
|  50|0x0000000087400000, 0x0000000087400000, 0x0000000087500000|  0%| F|  |TAMS 0x0000000087400000| PB 0x0000000087400000| Untracked 
|  51|0x0000000087500000, 0x0000000087500000, 0x0000000087600000|  0%| F|  |TAMS 0x0000000087500000| PB 0x0000000087500000| Untracked 
|  52|0x0000000087600000, 0x0000000087600000, 0x0000000087700000|  0%| F|  |TAMS 0x0000000087600000| PB 0x0000000087600000| Untracked 
|  53|0x0000000087700000, 0x0000000087700000, 0x0000000087800000|  0%| F|  |TAMS 0x0000000087700000| PB 0x0000000087700000| Untracked 
|  54|0x0000000087800000, 0x0000000087800000, 0x0000000087900000|  0%| F|  |TAMS 0x0000000087800000| PB 0x0000000087800000| Untracked 
|  55|0x0000000087900000, 0x0000000087900000, 0x0000000087a00000|  0%| F|  |TAMS 0x0000000087900000| PB 0x0000000087900000| Untracked 
|  56|0x0000000087a00000, 0x0000000087a00000, 0x0000000087b00000|  0%| F|  |TAMS 0x0000000087a00000| PB 0x0000000087a00000| Untracked 
|  57|0x0000000087b00000, 0x0000000087b00000, 0x0000000087c00000|  0%| F|  |TAMS 0x0000000087b00000| PB 0x0000000087b00000| Untracked 
|  58|0x0000000087c00000, 0x0000000087c00000, 0x0000000087d00000|  0%| F|  |TAMS 0x0000000087c00000| PB 0x0000000087c00000| Untracked 
|  59|0x0000000087d00000, 0x0000000087d00000, 0x0000000087e00000|  0%| F|  |TAMS 0x0000000087d00000| PB 0x0000000087d00000| Untracked 
|  60|0x0000000087e00000, 0x0000000087e00000, 0x0000000087f00000|  0%| F|  |TAMS 0x0000000087e00000| PB 0x0000000087e00000| Untracked 
|  61|0x0000000087f00000, 0x0000000087f00000, 0x0000000088000000|  0%| F|  |TAMS 0x0000000087f00000| PB 0x0000000087f00000| Untracked 
|  62|0x0000000088000000, 0x0000000088000000, 0x0000000088100000|  0%| F|  |TAMS 0x0000000088000000| PB 0x0000000088000000| Untracked 
|  63|0x0000000088100000, 0x0000000088100000, 0x0000000088200000|  0%| F|  |TAMS 0x0000000088100000| PB 0x0000000088100000| Untracked 
|  64|0x0000000088200000, 0x0000000088200000, 0x0000000088300000|  0%| F|  |TAMS 0x0000000088200000| PB 0x0000000088200000| Untracked 
|  65|0x0000000088300000, 0x0000000088300000, 0x0000000088400000|  0%| F|  |TAMS 0x0000000088300000| PB 0x0000000088300000| Untracked 
|  66|0x0000000088400000, 0x0000000088400000, 0x0000000088500000|  0%| F|  |TAMS 0x0000000088400000| PB 0x0000000088400000| Untracked 
|  67|0x0000000088500000, 0x0000000088500000, 0x0000000088600000|  0%| F|  |TAMS 0x0000000088500000| PB 0x0000000088500000| Untracked 
|  68|0x0000000088600000, 0x0000000088600000, 0x0000000088700000|  0%| F|  |TAMS 0x0000000088600000| PB 0x0000000088600000| Untracked 
|  69|0x0000000088700000, 0x0000000088700000, 0x0000000088800000|  0%| F|  |TAMS 0x0000000088700000| PB 0x0000000088700000| Untracked 
|  70|0x0000000088800000, 0x0000000088800000, 0x0000000088900000|  0%| F|  |TAMS 0x0000000088800000| PB 0x0000000088800000| Untracked 
|  71|0x0000000088900000, 0x0000000088900000, 0x0000000088a00000|  0%| F|  |TAMS 0x0000000088900000| PB 0x0000000088900000| Untracked 
|  72|0x0000000088a00000, 0x0000000088a00000, 0x0000000088b00000|  0%| F|  |TAMS 0x0000000088a00000| PB 0x0000000088a00000| Untracked 
|  73|0x0000000088b00000, 0x0000000088b00000, 0x0000000088c00000|  0%| F|  |TAMS 0x0000000088b00000| PB 0x0000000088b00000| Untracked 
|  74|0x0000000088c00000, 0x0000000088c00000, 0x0000000088d00000|  0%| F|  |TAMS 0x0000000088c00000| PB 0x0000000088c00000| Untracked 
|  75|0x0000000088d00000, 0x0000000088d00000, 0x0000000088e00000|  0%| F|  |TAMS 0x0000000088d00000| PB 0x0000000088d00000| Untracked 
|  76|0x0000000088e00000, 0x0000000088e00000, 0x0000000088f00000|  0%| F|  |TAMS 0x0000000088e00000| PB 0x0000000088e00000| Untracked 
|  77|0x0000000088f00000, 0x0000000088f00000, 0x0000000089000000|  0%| F|  |TAMS 0x0000000088f00000| PB 0x0000000088f00000| Untracked 
|  78|0x0000000089000000, 0x0000000089000000, 0x0000000089100000|  0%| F|  |TAMS 0x0000000089000000| PB 0x0000000089000000| Untracked 
|  79|0x0000000089100000, 0x0000000089100000, 0x0000000089200000|  0%| F|  |TAMS 0x0000000089100000| PB 0x0000000089100000| Untracked 
|  80|0x0000000089200000, 0x0000000089200000, 0x0000000089300000|  0%| F|  |TAMS 0x0000000089200000| PB 0x0000000089200000| Untracked 
|  81|0x0000000089300000, 0x0000000089300000, 0x0000000089400000|  0%| F|  |TAMS 0x0000000089300000| PB 0x0000000089300000| Untracked 
|  82|0x0000000089400000, 0x0000000089400000, 0x0000000089500000|  0%| F|  |TAMS 0x0000000089400000| PB 0x0000000089400000| Untracked 
|  83|0x0000000089500000, 0x0000000089500000, 0x0000000089600000|  0%| F|  |TAMS 0x0000000089500000| PB 0x0000000089500000| Untracked 
|  84|0x0000000089600000, 0x0000000089600000, 0x0000000089700000|  0%| F|  |TAMS 0x0000000089600000| PB 0x0000000089600000| Untracked 
|  85|0x0000000089700000, 0x0000000089700000, 0x0000000089800000|  0%| F|  |TAMS 0x0000000089700000| PB 0x0000000089700000| Untracked 
|  86|0x0000000089800000, 0x0000000089800000, 0x0000000089900000|  0%| F|  |TAMS 0x0000000089800000| PB 0x0000000089800000| Untracked 
|  87|0x0000000089900000, 0x0000000089967ff8, 0x0000000089a00000| 40%| E|  |TAMS 0x0000000089900000| PB 0x0000000089900000| Complete 
|  88|0x0000000089a00000, 0x0000000089b00000, 0x0000000089b00000|100%| E|CS|TAMS 0x0000000089a00000| PB 0x0000000089a00000| Complete 
|  89|0x0000000089b00000, 0x0000000089c00000, 0x0000000089c00000|100%| E|CS|TAMS 0x0000000089b00000| PB 0x0000000089b00000| Complete 
|  90|0x0000000089c00000, 0x0000000089d00000, 0x0000000089d00000|100%| E|CS|TAMS 0x0000000089c00000| PB 0x0000000089c00000| Complete 
|  91|0x0000000089d00000, 0x0000000089e00000, 0x0000000089e00000|100%| E|CS|TAMS 0x0000000089d00000| PB 0x0000000089d00000| Complete 
|  92|0x0000000089e00000, 0x0000000089f00000, 0x0000000089f00000|100%| E|CS|TAMS 0x0000000089e00000| PB 0x0000000089e00000| Complete 
|  93|0x0000000089f00000, 0x000000008a000000, 0x000000008a000000|100%| E|CS|TAMS 0x0000000089f00000| PB 0x0000000089f00000| Complete 
|  94|0x000000008a000000, 0x000000008a100000, 0x000000008a100000|100%| E|CS|TAMS 0x000000008a000000| PB 0x000000008a000000| Complete 
|  95|0x000000008a100000, 0x000000008a200000, 0x000000008a200000|100%| E|CS|TAMS 0x000000008a100000| PB 0x000000008a100000| Complete 
|  96|0x000000008a200000, 0x000000008a300000, 0x000000008a300000|100%| E|CS|TAMS 0x000000008a200000| PB 0x000000008a200000| Complete 
|  97|0x000000008a300000, 0x000000008a400000, 0x000000008a400000|100%| E|CS|TAMS 0x000000008a300000| PB 0x000000008a300000| Complete 
|  98|0x000000008a400000, 0x000000008a500000, 0x000000008a500000|100%| E|CS|TAMS 0x000000008a400000| PB 0x000000008a400000| Complete 
|  99|0x000000008a500000, 0x000000008a5f0000, 0x000000008a600000| 93%| S|CS|TAMS 0x000000008a500000| PB 0x000000008a500000| Complete 
| 100|0x000000008a600000, 0x000000008a700000, 0x000000008a700000|100%| S|CS|TAMS 0x000000008a600000| PB 0x000000008a600000| Complete 
| 101|0x000000008a700000, 0x000000008a800000, 0x000000008a800000|100%| E|CS|TAMS 0x000000008a700000| PB 0x000000008a700000| Complete 
| 102|0x000000008a800000, 0x000000008a900000, 0x000000008a900000|100%| E|CS|TAMS 0x000000008a800000| PB 0x000000008a800000| Complete 
| 103|0x000000008a900000, 0x000000008aa00000, 0x000000008aa00000|100%| E|CS|TAMS 0x000000008a900000| PB 0x000000008a900000| Complete 
| 104|0x000000008aa00000, 0x000000008ab00000, 0x000000008ab00000|100%| E|CS|TAMS 0x000000008aa00000| PB 0x000000008aa00000| Complete 
| 105|0x000000008ab00000, 0x000000008ac00000, 0x000000008ac00000|100%| E|CS|TAMS 0x000000008ab00000| PB 0x000000008ab00000| Complete 
| 106|0x000000008ac00000, 0x000000008ad00000, 0x000000008ad00000|100%| E|CS|TAMS 0x000000008ac00000| PB 0x000000008ac00000| Complete 
| 107|0x000000008ad00000, 0x000000008ae00000, 0x000000008ae00000|100%| E|CS|TAMS 0x000000008ad00000| PB 0x000000008ad00000| Complete 
| 108|0x000000008ae00000, 0x000000008af00000, 0x000000008af00000|100%| E|CS|TAMS 0x000000008ae00000| PB 0x000000008ae00000| Complete 
| 109|0x000000008af00000, 0x000000008b000000, 0x000000008b000000|100%| E|CS|TAMS 0x000000008af00000| PB 0x000000008af00000| Complete 
| 110|0x000000008b000000, 0x000000008b100000, 0x000000008b100000|100%| E|CS|TAMS 0x000000008b000000| PB 0x000000008b000000| Complete 
| 111|0x000000008b100000, 0x000000008b200000, 0x000000008b200000|100%| E|CS|TAMS 0x000000008b100000| PB 0x000000008b100000| Complete 
| 112|0x000000008b200000, 0x000000008b300000, 0x000000008b300000|100%| E|CS|TAMS 0x000000008b200000| PB 0x000000008b200000| Complete 
| 113|0x000000008b300000, 0x000000008b400000, 0x000000008b400000|100%| E|CS|TAMS 0x000000008b300000| PB 0x000000008b300000| Complete 
| 114|0x000000008b400000, 0x000000008b500000, 0x000000008b500000|100%| E|CS|TAMS 0x000000008b400000| PB 0x000000008b400000| Complete 
| 115|0x000000008b500000, 0x000000008b600000, 0x000000008b600000|100%| E|CS|TAMS 0x000000008b500000| PB 0x000000008b500000| Complete 
| 116|0x000000008b600000, 0x000000008b700000, 0x000000008b700000|100%| E|CS|TAMS 0x000000008b600000| PB 0x000000008b600000| Complete 
| 117|0x000000008b700000, 0x000000008b800000, 0x000000008b800000|100%| E|  |TAMS 0x000000008b700000| PB 0x000000008b700000| Complete 
| 118|0x000000008b800000, 0x000000008b900000, 0x000000008b900000|100%| E|CS|TAMS 0x000000008b800000| PB 0x000000008b800000| Complete 
| 119|0x000000008b900000, 0x000000008ba00000, 0x000000008ba00000|100%| E|CS|TAMS 0x000000008b900000| PB 0x000000008b900000| Complete 
| 120|0x000000008ba00000, 0x000000008bb00000, 0x000000008bb00000|100%| E|CS|TAMS 0x000000008ba00000| PB 0x000000008ba00000| Complete 
| 121|0x000000008bb00000, 0x000000008bc00000, 0x000000008bc00000|100%| E|CS|TAMS 0x000000008bb00000| PB 0x000000008bb00000| Complete 
| 122|0x000000008bc00000, 0x000000008bd00000, 0x000000008bd00000|100%| E|CS|TAMS 0x000000008bc00000| PB 0x000000008bc00000| Complete 
| 123|0x000000008bd00000, 0x000000008be00000, 0x000000008be00000|100%| E|CS|TAMS 0x000000008bd00000| PB 0x000000008bd00000| Complete 

Card table byte_map: [0x000001bf7e400000,0x000001bf7e7e0000] _byte_map_base: 0x000001bf7dfdf000

Marking Bits: (CMBitMap*) 0x000001bf7ba13550
 Bits: [0x000001bf12090000, 0x000001bf13f88000)

Polling page: 0x000001bf7ba80000

Metaspace:

Usage:
  Non-class:     15.27 MB used.
      Class:      2.10 MB used.
       Both:     17.37 MB used.

Virtual space:
  Non-class space:       64.00 MB reserved,      15.44 MB ( 24%) committed,  1 nodes.
      Class space:        1.00 GB reserved,       2.25 MB ( <1%) committed,  1 nodes.
             Both:        1.06 GB reserved,      17.69 MB (  2%) committed. 

Chunk freelists:
   Non-Class:  32.00 KB
       Class:  13.64 MB
        Both:  13.67 MB

MaxMetaspaceSize: unlimited
CompressedClassSpaceSize: 1.00 GB
Initial GC threshold: 21.00 MB
Current GC threshold: 21.00 MB
CDS: off
 - commit_granule_bytes: 65536.
 - commit_granule_words: 8192.
 - virtual_space_node_default_size: 8388608.
 - enlarge_chunks_in_place: 1.
 - use_allocation_guard: 0.


Internal statistics:

num_allocs_failed_limit: 0.
num_arena_births: 292.
num_arena_deaths: 0.
num_vsnodes_births: 2.
num_vsnodes_deaths: 0.
num_space_committed: 283.
num_space_uncommitted: 0.
num_chunks_returned_to_freelist: 0.
num_chunks_taken_from_freelist: 609.
num_chunk_merges: 0.
num_chunk_splits: 386.
num_chunks_enlarged: 256.
num_inconsistent_stats: 0.

CodeHeap 'non-profiled nmethods': size=120000Kb used=763Kb max_used=763Kb free=119236Kb
 bounds [0x000001bf0ab60000, 0x000001bf0add0000, 0x000001bf12090000]
CodeHeap 'profiled nmethods': size=120000Kb used=3160Kb max_used=3160Kb free=116839Kb
 bounds [0x000001bf03090000, 0x000001bf033b0000, 0x000001bf0a5c0000]
CodeHeap 'non-nmethods': size=5760Kb used=1375Kb max_used=1387Kb free=4384Kb
 bounds [0x000001bf0a5c0000, 0x000001bf0a830000, 0x000001bf0ab60000]
CodeCache: size=245760Kb, used=5298Kb, max_used=5310Kb, free=240459Kb
 total_blobs=2225, nmethods=1732, adapters=398, full_count=0
Compilation: enabled, stopped_count=0, restarted_count=0

Compilation events (20 events):
Event: 25.801 Thread 0x000001bf1a07d520 nmethod 1723 0x000001bf033a2510 code [0x000001bf033a2720, 0x000001bf033a2b50]
Event: 26.094 Thread 0x000001bf1a07d520 1725       3       org.gradle.internal.logging.console.ThrottlingOutputEventListener::renderNow (40 bytes)
Event: 26.095 Thread 0x000001bf1a07d520 nmethod 1725 0x000001bf033a2d10 code [0x000001bf033a2f00, 0x000001bf033a33e8]
Event: 26.095 Thread 0x000001bf1a07d520 1724       3       java.util.concurrent.locks.ReentrantLock$NonfairSync::tryAcquire (27 bytes)
Event: 26.095 Thread 0x000001bf1a07d520 nmethod 1724 0x000001bf033a3590 code [0x000001bf033a3760, 0x000001bf033a39e0]
Event: 26.703 Thread 0x000001bf1a07d520 1726       3       java.util.concurrent.locks.AbstractQueuedSynchronizer$Node::<init> (5 bytes)
Event: 26.704 Thread 0x000001bf1a07d520 nmethod 1726 0x000001bf033a3a90 code [0x000001bf033a3c40, 0x000001bf033a3da8]
Event: 26.795 Thread 0x000001bf1a07d520 1727       3       jdk.internal.misc.Unsafe::getAndBitwiseAndInt (27 bytes)
Event: 26.795 Thread 0x000001bf1a07d520 nmethod 1727 0x000001bf033a3e90 code [0x000001bf033a4040, 0x000001bf033a4270]
Event: 26.796 Thread 0x000001bf1a07d520 1728       3       org.gradle.internal.time.TimeSource$1::nanoTime (4 bytes)
Event: 26.796 Thread 0x000001bf1a07d520 nmethod 1728 0x000001bf033a4390 code [0x000001bf033a4540, 0x000001bf033a4670]
Event: 26.905 Thread 0x000001bf1a07d520 1729       3       java.util.concurrent.locks.AbstractQueuedSynchronizer$Node::clearStatus (12 bytes)
Event: 26.905 Thread 0x000001bf1a07d520 nmethod 1729 0x000001bf033a4710 code [0x000001bf033a48c0, 0x000001bf033a4a70]
Event: 26.905 Thread 0x000001bf1a07d520 1730       3       jdk.internal.misc.Unsafe::putIntOpaque (9 bytes)
Event: 26.905 Thread 0x000001bf1a07d520 nmethod 1730 0x000001bf033a4b10 code [0x000001bf033a4ca0, 0x000001bf033a4db8]
Event: 26.905 Thread 0x000001bf1a07d520 1731   !   3       java.util.concurrent.locks.AbstractQueuedSynchronizer$ConditionObject::newConditionNode (78 bytes)
Event: 26.906 Thread 0x000001bf1a07d520 nmethod 1731 0x000001bf033a4e90 code [0x000001bf033a5100, 0x000001bf033a58b8]
Event: 26.919 Thread 0x000001bf1a07d520 1732       3       java.lang.invoke.BoundMethodHandle::makeReinvoker (27 bytes)
Event: 26.922 Thread 0x000001bf1a07d520 nmethod 1732 0x000001bf033a5b90 code [0x000001bf033a5d60, 0x000001bf033a6030]
Event: 26.998 Thread 0x000001bf1a07d520 1733   !   3       java.util.concurrent.locks.AbstractQueuedSynchronizer::acquire (424 bytes)

GC Heap History (2 events):
Event: 0.891 GC heap before
{Heap before GC invocations=0 (full 0):
 garbage-first heap   total 126976K, used 22528K [0x0000000084200000, 0x0000000100000000)
  region size 1024K, 23 young (23552K), 0 survivors (0K)
 Metaspace       used 8597K, committed 8768K, reserved 1114112K
  class space    used 790K, committed 896K, reserved 1048576K
}
Event: 0.896 GC heap after
{Heap after GC invocations=1 (full 0):
 garbage-first heap   total 126976K, used 1984K [0x0000000084200000, 0x0000000100000000)
  region size 1024K, 2 young (2048K), 2 survivors (2048K)
 Metaspace       used 8597K, committed 8768K, reserved 1114112K
  class space    used 790K, committed 896K, reserved 1048576K
}

Dll operation events (3 events):
Event: 0.010 Loaded shared library C:\Program Files\Android\Android Studio1\jbr\bin\java.dll
Event: 0.013 Loaded shared library C:\Program Files\Android\Android Studio1\jbr\bin\zip.dll
Event: 0.253 Loaded shared library C:\Program Files\Android\Android Studio1\jbr\bin\verify.dll

Deoptimization events (20 events):
Event: 2.067 Thread 0x000001bf7b6c7760 DEOPT PACKING pc=0x000001bf0ab9c200 sp=0x0000003495efafd0
Event: 2.067 Thread 0x000001bf7b6c7760 DEOPT UNPACKING pc=0x000001bf0a6146a2 sp=0x0000003495efaef8 mode 2
Event: 2.073 Thread 0x000001bf7b6c7760 DEOPT PACKING pc=0x000001bf0336419a sp=0x0000003495efbb50
Event: 2.073 Thread 0x000001bf7b6c7760 DEOPT UNPACKING pc=0x000001bf0a614e42 sp=0x0000003495efb010 mode 0
Event: 2.092 Thread 0x000001bf7b6c7760 Uncommon trap: trap_request=0xffffffde fr.pc=0x000001bf0aba6324 relative=0x0000000000000084
Event: 2.092 Thread 0x000001bf7b6c7760 Uncommon trap: reason=class_check action=maybe_recompile pc=0x000001bf0aba6324 method=java.util.AbstractList$Itr.hasNext()Z @ 8 c2
Event: 2.092 Thread 0x000001bf7b6c7760 DEOPT PACKING pc=0x000001bf0aba6324 sp=0x0000003495efc930
Event: 2.092 Thread 0x000001bf7b6c7760 DEOPT UNPACKING pc=0x000001bf0a6146a2 sp=0x0000003495efc8c8 mode 2
Event: 2.092 Thread 0x000001bf7b6c7760 Uncommon trap: trap_request=0xffffffde fr.pc=0x000001bf0aba66f4 relative=0x00000000000000d4
Event: 2.092 Thread 0x000001bf7b6c7760 Uncommon trap: reason=class_check action=maybe_recompile pc=0x000001bf0aba66f4 method=java.util.AbstractList$Itr.next()Ljava/lang/Object; @ 14 c2
Event: 2.092 Thread 0x000001bf7b6c7760 DEOPT PACKING pc=0x000001bf0aba66f4 sp=0x0000003495efc920
Event: 2.092 Thread 0x000001bf7b6c7760 DEOPT UNPACKING pc=0x000001bf0a6146a2 sp=0x0000003495efc8b8 mode 2
Event: 2.103 Thread 0x000001bf7b6c7760 Uncommon trap: trap_request=0xffffff45 fr.pc=0x000001bf0abe809c relative=0x000000000000079c
Event: 2.103 Thread 0x000001bf7b6c7760 Uncommon trap: reason=unstable_if action=reinterpret pc=0x000001bf0abe809c method=java.lang.Integer.stringSize(I)I @ 19 c2
Event: 2.103 Thread 0x000001bf7b6c7760 DEOPT PACKING pc=0x000001bf0abe809c sp=0x0000003495efd480
Event: 2.103 Thread 0x000001bf7b6c7760 DEOPT UNPACKING pc=0x000001bf0a6146a2 sp=0x0000003495efd380 mode 2
Event: 2.136 Thread 0x000001bf7b6c7760 Uncommon trap: trap_request=0xffffffde fr.pc=0x000001bf0aba6324 relative=0x0000000000000084
Event: 2.136 Thread 0x000001bf7b6c7760 Uncommon trap: reason=class_check action=maybe_recompile pc=0x000001bf0aba6324 method=java.util.AbstractList$Itr.hasNext()Z @ 8 c2
Event: 2.136 Thread 0x000001bf7b6c7760 DEOPT PACKING pc=0x000001bf0aba6324 sp=0x0000003495efda20
Event: 2.136 Thread 0x000001bf7b6c7760 DEOPT UNPACKING pc=0x000001bf0a6146a2 sp=0x0000003495efd9b8 mode 2

Classes loaded (20 events):
Event: 2.111 Loading class java/nio/channels/SelectionKey
Event: 2.111 Loading class java/nio/channels/SelectionKey done
Event: 2.111 Loading class java/nio/channels/spi/AbstractSelectionKey done
Event: 2.111 Loading class sun/nio/ch/SelectionKeyImpl done
Event: 2.111 Loading class java/lang/invoke/ConstantBootstraps
Event: 2.111 Loading class java/lang/invoke/ConstantBootstraps done
Event: 2.119 Loading class java/lang/Long$LongCache
Event: 2.119 Loading class java/lang/Long$LongCache done
Event: 2.136 Loading class java/nio/channels/spi/AbstractSelector$1
Event: 2.136 Loading class java/nio/channels/spi/AbstractSelector$1 done
Event: 2.673 Loading class java/util/concurrent/Executors$AutoShutdownDelegatedExecutorService
Event: 2.673 Loading class java/util/concurrent/Executors$AutoShutdownDelegatedExecutorService done
Event: 2.674 Loading class java/io/BufferedReader
Event: 2.674 Loading class java/io/BufferedReader done
Event: 2.674 Loading class sun/nio/cs/StreamDecoder
Event: 2.674 Loading class sun/nio/cs/StreamDecoder done
Event: 2.674 Loading class sun/nio/cs/UTF_8$Decoder
Event: 2.674 Loading class sun/nio/cs/UTF_8$Decoder done
Event: 12.520 Loading class java/lang/invoke/MethodHandle$1
Event: 12.529 Loading class java/lang/invoke/MethodHandle$1 done

Classes unloaded (0 events):
No events

Classes redefined (0 events):
No events

Internal exceptions (20 events):
Event: 1.835 Thread 0x000001bf7b6c7760 Exception <a 'java/lang/NoSuchMethodError'{0x000000008a1050c8}: 'java.lang.Object java.lang.invoke.DirectMethodHandle$Holder.invokeStatic(java.lang.Object, java.lang.Object, java.lang.Object, java.lang.Object, java.lang.Object, java.lang.Object, java.lang.Object, java.lang.Object, java.lang.Object, java.lang.Object, java.lang.Object, java.lang.Object, java.lang.Object, java.lang.Object)'> (0x000000008a1050c8) 
thrown [s\src\hotspot\share\interpreter\linkResolver.cpp, line 784]
Event: 1.836 Thread 0x000001bf7b6c7760 Exception <a 'java/lang/NoSuchMethodError'{0x000000008a1262e0}: 'java.lang.Object java.lang.invoke.DirectMethodHandle$Holder.invokeStatic(java.lang.Object, java.lang.Object, java.lang.Object, java.lang.Object, java.lang.Object, java.lang.Object, java.lang.Object, java.lang.Object, java.lang.Object, java.lang.Object, java.lang.Object, java.lang.Object, java.lang.Object, java.lang.Object, java.lang.Object)'> (0x000000008a1262e0) 
thrown [s\src\hotspot\share\interpreter\linkResolver.cpp, line 784]
Event: 1.838 Thread 0x000001bf7b6c7760 Exception <a 'java/lang/NoSuchMethodError'{0x000000008a1495d8}: 'java.lang.Object java.lang.invoke.DirectMethodHandle$Holder.invokeStatic(java.lang.Object, java.lang.Object, java.lang.Object, java.lang.Object, java.lang.Object, java.lang.Object, java.lang.Object, java.lang.Object, java.lang.Object, java.lang.Object, java.lang.Object, java.lang.Object, java.lang.Object, java.lang.Object, java.lang.Object, java.lang.Object)'> (0x000000008a1495d8) 
thrown [s\src\hotspot\share\interpreter\linkResolver.cpp, lin
Event: 1.839 Thread 0x000001bf7b6c7760 Exception <a 'java/lang/NoSuchMethodError'{0x000000008a16fc40}: 'java.lang.Object java.lang.invoke.DirectMethodHandle$Holder.invokeStatic(java.lang.Object, java.lang.Object, java.lang.Object, java.lang.Object, java.lang.Object, java.lang.Object, java.lang.Object, java.lang.Object, java.lang.Object, java.lang.Object, java.lang.Object, java.lang.Object, java.lang.Object, java.lang.Object, java.lang.Object, java.lang.Object, java.lang.Object)'> (0x000000008a16fc40) 
thrown [s\src\hotspot\share\interpreter\lin
Event: 1.840 Thread 0x000001bf7b6c7760 Exception <a 'java/lang/NoSuchMethodError'{0x000000008a1972f8}: 'java.lang.Object java.lang.invoke.DirectMethodHandle$Holder.invokeStatic(java.lang.Object, java.lang.Object, java.lang.Object, java.lang.Object, java.lang.Object, java.lang.Object, java.lang.Object, java.lang.Object, java.lang.Object, java.lang.Object, java.lang.Object, java.lang.Object, java.lang.Object, java.lang.Object, java.lang.Object, java.lang.Object, java.lang.Object, java.lang.Object)'> (0x000000008a1972f8) 
thrown [s\src\hotspot\sha
Event: 1.842 Thread 0x000001bf7b6c7760 Exception <a 'java/lang/NoSuchMethodError'{0x000000008a1bfb40}: 'java.lang.Object java.lang.invoke.DirectMethodHandle$Holder.invokeStatic(java.lang.Object, java.lang.Object, java.lang.Object, java.lang.Object, java.lang.Object, java.lang.Object, java.lang.Object, java.lang.Object, java.lang.Object, java.lang.Object, java.lang.Object, java.lang.Object, java.lang.Object, java.lang.Object, java.lang.Object, java.lang.Object, java.lang.Object, java.lang.Object, java.lang.Object)'> (0x000000008a1bfb40) 
thrown 
Event: 1.844 Thread 0x000001bf7b6c7760 Exception <a 'java/lang/NoSuchMethodError'{0x000000008a1e9af8}: 'java.lang.Object java.lang.invoke.DirectMethodHandle$Holder.invokeStatic(java.lang.Object, java.lang.Object, java.lang.Object, java.lang.Object, java.lang.Object, java.lang.Object, java.lang.Object, java.lang.Object, java.lang.Object, java.lang.Object, java.lang.Object, java.lang.Object, java.lang.Object, java.lang.Object, java.lang.Object, java.lang.Object, java.lang.Object, java.lang.Object, java.lang.Object, java.lang.Object)'> (0x00000000
Event: 1.846 Thread 0x000001bf7b6c7760 Exception <a 'java/lang/NoSuchMethodError'{0x000000008a014988}: 'java.lang.Object java.lang.invoke.DirectMethodHandle$Holder.invokeStatic(java.lang.Object, java.lang.Object, java.lang.Object, java.lang.Object, java.lang.Object, java.lang.Object, java.lang.Object, java.lang.Object, java.lang.Object, java.lang.Object, java.lang.Object, java.lang.Object, java.lang.Object, java.lang.Object, java.lang.Object, java.lang.Object, java.lang.Object, java.lang.Object, java.lang.Object, java.lang.Object, java.lang.Obj
Event: 1.847 Thread 0x000001bf7b6c7760 Exception <a 'java/lang/NoSuchMethodError'{0x000000008a040040}: 'java.lang.Object java.lang.invoke.DirectMethodHandle$Holder.invokeStatic(java.lang.Object, java.lang.Object, java.lang.Object, java.lang.Object, java.lang.Object, java.lang.Object, java.lang.Object, java.lang.Object, java.lang.Object, java.lang.Object, java.lang.Object, java.lang.Object, java.lang.Object, java.lang.Object, java.lang.Object, java.lang.Object, java.lang.Object, java.lang.Object, java.lang.Object, java.lang.Object, java.lang.Obj
Event: 1.849 Thread 0x000001bf7b6c7760 Exception <a 'java/lang/NoSuchMethodError'{0x000000008a06c6e0}: 'java.lang.Object java.lang.invoke.DirectMethodHandle$Holder.invokeStatic(java.lang.Object, java.lang.Object, java.lang.Object, java.lang.Object, java.lang.Object, java.lang.Object, java.lang.Object, java.lang.Object, java.lang.Object, java.lang.Object, java.lang.Object, java.lang.Object, java.lang.Object, java.lang.Object, java.lang.Object, java.lang.Object, java.lang.Object, java.lang.Object, java.lang.Object, java.lang.Object, java.lang.Obj
Event: 1.851 Thread 0x000001bf7b6c7760 Exception <a 'java/lang/NoSuchMethodError'{0x000000008a099510}: 'java.lang.Object java.lang.invoke.DirectMethodHandle$Holder.invokeStatic(java.lang.Object, java.lang.Object, java.lang.Object, java.lang.Object, java.lang.Object, java.lang.Object, java.lang.Object, java.lang.Object, java.lang.Object, java.lang.Object, java.lang.Object, java.lang.Object, java.lang.Object, java.lang.Object, java.lang.Object, java.lang.Object, java.lang.Object, java.lang.Object, java.lang.Object, java.lang.Object, java.lang.Obj
Event: 1.853 Thread 0x000001bf7b6c7760 Exception <a 'java/lang/NoSuchMethodError'{0x000000008a0c7de8}: 'java.lang.Object java.lang.invoke.DirectMethodHandle$Holder.invokeStatic(java.lang.Object, java.lang.Object, java.lang.Object, java.lang.Object, java.lang.Object, java.lang.Object, java.lang.Object, java.lang.Object, java.lang.Object, java.lang.Object, java.lang.Object, java.lang.Object, java.lang.Object, java.lang.Object, java.lang.Object, java.lang.Object, java.lang.Object, java.lang.Object, java.lang.Object, java.lang.Object, java.lang.Obj
Event: 1.855 Thread 0x000001bf7b6c7760 Exception <a 'java/lang/NoSuchMethodError'{0x000000008a0ec8c8}: 'java.lang.Object java.lang.invoke.DirectMethodHandle$Holder.invokeSpecial(java.lang.Object, java.lang.Object, java.lang.Object, java.lang.Object, java.lang.Object, java.lang.Object, java.lang.Object, java.lang.Object, java.lang.Object, java.lang.Object, java.lang.Object, java.lang.Object, java.lang.Object, java.lang.Object, java.lang.Object, java.lang.Object, java.lang.Object, java.lang.Object, java.lang.Object, java.lang.Object, java.lang.Ob
Event: 1.856 Thread 0x000001bf7b6c7760 Exception <a 'java/lang/NoSuchMethodError'{0x0000000089f025b0}: 'java.lang.Object java.lang.invoke.DirectMethodHandle$Holder.newInvokeSpecial(java.lang.Object, java.lang.Object, java.lang.Object, java.lang.Object, java.lang.Object, java.lang.Object, java.lang.Object, java.lang.Object, java.lang.Object, java.lang.Object, java.lang.Object, java.lang.Object, java.lang.Object, java.lang.Object, java.lang.Object, java.lang.Object, java.lang.Object, java.lang.Object, java.lang.Object, java.lang.Object, java.lang
Event: 1.856 Thread 0x000001bf7b6c7760 Exception <a 'java/lang/NoSuchMethodError'{0x0000000089f087a8}: 'java.lang.Object java.lang.invoke.Invokers$Holder.linkToTargetMethod(java.lang.Object, java.lang.Object, java.lang.Object, java.lang.Object, java.lang.Object, java.lang.Object, java.lang.Object, java.lang.Object, java.lang.Object, java.lang.Object, java.lang.Object, java.lang.Object, java.lang.Object, java.lang.Object, java.lang.Object, java.lang.Object, java.lang.Object, java.lang.Object, java.lang.Object, java.lang.Object, java.lang.Object,
Event: 1.857 Thread 0x000001bf7b6c7760 Exception <a 'java/lang/NoSuchMethodError'{0x0000000089f0db18}: 'java.lang.Object java.lang.invoke.DirectMethodHandle$Holder.invokeVirtual(java.lang.Object, java.lang.Object, java.lang.Object, java.lang.Object, java.lang.Object, java.lang.Object, java.lang.Object, java.lang.Object, java.lang.Object, java.lang.Object)'> (0x0000000089f0db18) 
thrown [s\src\hotspot\share\interpreter\linkResolver.cpp, line 784]
Event: 1.874 Thread 0x000001bf7b6c7760 Exception <a 'java/lang/NoSuchMethodError'{0x0000000089e02ef0}: 'java.lang.Object java.lang.invoke.DirectMethodHandle$Holder.invokeVirtual(java.lang.Object, java.lang.Object, java.lang.Object, java.lang.Object, java.lang.Object, java.lang.Object, java.lang.Object, java.lang.Object, java.lang.Object)'> (0x0000000089e02ef0) 
thrown [s\src\hotspot\share\interpreter\linkResolver.cpp, line 784]
Event: 1.896 Thread 0x000001bf7b6c7760 Exception <a 'java/lang/NoSuchMethodError'{0x0000000089d1a160}: 'java.lang.Object java.lang.invoke.DirectMethodHandle$Holder.invokeVirtual(java.lang.Object, java.lang.Object, java.lang.Object, java.lang.Object, java.lang.Object, java.lang.Object, java.lang.Object, java.lang.Object)'> (0x0000000089d1a160) 
thrown [s\src\hotspot\share\interpreter\linkResolver.cpp, line 784]
Event: 1.980 Thread 0x000001bf7b6c7760 Exception <a 'java/lang/NoSuchMethodError'{0x0000000089c18a28}: 'java.lang.Object java.lang.invoke.DirectMethodHandle$Holder.invokeStaticInit(java.lang.Object, java.lang.Object, int, int, int, int)'> (0x0000000089c18a28) 
thrown [s\src\hotspot\share\interpreter\linkResolver.cpp, line 784]
Event: 2.023 Thread 0x000001bf7b6c7760 Implicit null exception at 0x000001bf0abb9c24 to 0x000001bf0abba288

ZGC Phase Switch (0 events):
No events

VM Operations (20 events):
Event: 1.547 Executing VM operation: HandshakeAllThreads (Deoptimize)
Event: 1.547 Executing VM operation: HandshakeAllThreads (Deoptimize) done
Event: 1.630 Executing VM operation: HandshakeAllThreads (Deoptimize)
Event: 1.630 Executing VM operation: HandshakeAllThreads (Deoptimize) done
Event: 1.666 Executing VM operation: HandshakeAllThreads (Deoptimize)
Event: 1.666 Executing VM operation: HandshakeAllThreads (Deoptimize) done
Event: 1.930 Executing VM operation: HandshakeAllThreads (Deoptimize)
Event: 1.930 Executing VM operation: HandshakeAllThreads (Deoptimize) done
Event: 1.930 Executing VM operation: Cleanup
Event: 1.930 Executing VM operation: Cleanup done
Event: 2.065 Executing VM operation: HandshakeAllThreads (Deoptimize)
Event: 2.065 Executing VM operation: HandshakeAllThreads (Deoptimize) done
Event: 3.077 Executing VM operation: Cleanup
Event: 3.077 Executing VM operation: Cleanup done
Event: 13.184 Executing VM operation: Cleanup
Event: 13.184 Executing VM operation: Cleanup done
Event: 14.197 Executing VM operation: Cleanup
Event: 14.197 Executing VM operation: Cleanup done
Event: 15.210 Executing VM operation: Cleanup
Event: 15.211 Executing VM operation: Cleanup done

Memory protections (0 events):
No events

Nmethod flushes (0 events):
No events

Events (20 events):
Event: 0.013 Thread 0x000001bf7b6c7760 Thread added: 0x000001bf7b6c7760
Event: 0.050 Thread 0x000001bf7b6c7760 Thread added: 0x000001bf1a05fec0
Event: 0.054 Thread 0x000001bf7b6c7760 Thread added: 0x000001bf1a03ddb0
Event: 0.054 Thread 0x000001bf7b6c7760 Thread added: 0x000001bf1a061fd0
Event: 0.055 Thread 0x000001bf7b6c7760 Thread added: 0x000001bf1a07ec80
Event: 0.055 Thread 0x000001bf7b6c7760 Thread added: 0x000001bf1a077720
Event: 0.055 Thread 0x000001bf7b6c7760 Thread added: 0x000001bf1a077d90
Event: 0.055 Thread 0x000001bf7b6c7760 Thread added: 0x000001bf1a0787f0
Event: 0.055 Thread 0x000001bf7b6c7760 Thread added: 0x000001bf1a079580
Event: 0.055 Thread 0x000001bf7b6c7760 Thread added: 0x000001bf1a07d520
Event: 0.146 Thread 0x000001bf7b6c7760 Thread added: 0x000001bf1a23fb80
Event: 0.190 Loaded shared library C:\Program Files\Android\Android Studio1\jbr\bin\net.dll
Event: 0.194 Loaded shared library C:\Program Files\Android\Android Studio1\jbr\bin\nio.dll
Event: 0.220 Loaded shared library C:\Program Files\Android\Android Studio1\jbr\bin\zip.dll
Event: 0.315 Loaded shared library C:\Program Files\Android\Android Studio1\jbr\bin\jimage.dll
Event: 1.448 Loaded shared library C:\Program Files\Android\Android Studio1\jbr\bin\management.dll
Event: 1.458 Loaded shared library C:\Program Files\Android\Android Studio1\jbr\bin\management_ext.dll
Event: 1.530 Loaded shared library C:\Users\kevin.panata\.gradle\native\1def1411415f61bf3af743bc5b6707747c0891f09f0c88961ee8f79bc544acac\windows-amd64\native-platform.dll
Event: 1.593 Thread 0x000001bf7b6c7760 Thread added: 0x000001bf1b03a8b0
Event: 1.769 Loaded shared library C:\Program Files\Android\Android Studio1\jbr\bin\extnet.dll


Dynamic libraries:
0x00007ff729f10000 - 0x00007ff729f1a000 	C:\Program Files\Android\Android Studio1\jbr\bin\java.exe
0x00007ffe84890000 - 0x00007ffe84aa4000 	C:\WINDOWS\SYSTEM32\ntdll.dll
0x00007ffe83180000 - 0x00007ffe83244000 	C:\WINDOWS\System32\KERNEL32.DLL
0x00007ffe81da0000 - 0x00007ffe82144000 	C:\WINDOWS\System32\KERNELBASE.dll
0x00007ffe81c80000 - 0x00007ffe81d91000 	C:\WINDOWS\System32\ucrtbase.dll
0x00007ffe6ffa0000 - 0x00007ffe6ffb8000 	C:\Program Files\Android\Android Studio1\jbr\bin\jli.dll
0x00007ffe71e00000 - 0x00007ffe71e1b000 	C:\Program Files\Android\Android Studio1\jbr\bin\VCRUNTIME140.dll
0x00007ffe835f0000 - 0x00007ffe8379e000 	C:\WINDOWS\System32\USER32.dll
0x00007ffe73790000 - 0x00007ffe73a23000 	C:\WINDOWS\WinSxS\amd64_microsoft.windows.common-controls_6595b64144ccf1df_6.0.22621.2215_none_270d72677387dfc3\COMCTL32.dll
0x00007ffe82270000 - 0x00007ffe82296000 	C:\WINDOWS\System32\win32u.dll
0x00007ffe82f50000 - 0x00007ffe82f79000 	C:\WINDOWS\System32\GDI32.dll
0x00007ffe84430000 - 0x00007ffe844d7000 	C:\WINDOWS\System32\msvcrt.dll
0x00007ffe824d0000 - 0x00007ffe825e8000 	C:\WINDOWS\System32\gdi32full.dll
0x00007ffe82150000 - 0x00007ffe821ea000 	C:\WINDOWS\System32\msvcp_win.dll
0x00007ffe83b40000 - 0x00007ffe83b71000 	C:\WINDOWS\System32\IMM32.DLL
0x00007ffe7dfe0000 - 0x00007ffe7dfec000 	C:\Program Files\Android\Android Studio1\jbr\bin\vcruntime140_1.dll
0x00007ffe4c8c0000 - 0x00007ffe4c94d000 	C:\Program Files\Android\Android Studio1\jbr\bin\msvcp140.dll
0x00007ffe32db0000 - 0x00007ffe33a46000 	C:\Program Files\Android\Android Studio1\jbr\bin\server\jvm.dll
0x00007ffe82f80000 - 0x00007ffe83030000 	C:\WINDOWS\System32\ADVAPI32.dll
0x00007ffe82c10000 - 0x00007ffe82cb6000 	C:\WINDOWS\System32\sechost.dll
0x00007ffe844e0000 - 0x00007ffe845f7000 	C:\WINDOWS\System32\RPCRT4.dll
0x00007ffe84700000 - 0x00007ffe84771000 	C:\WINDOWS\System32\WS2_32.dll
0x00007ffe81360000 - 0x00007ffe813ad000 	C:\WINDOWS\SYSTEM32\POWRPROF.dll
0x00007ffe7aa10000 - 0x00007ffe7aa44000 	C:\WINDOWS\SYSTEM32\WINMM.dll
0x00007ffe6e6a0000 - 0x00007ffe6e6aa000 	C:\WINDOWS\SYSTEM32\VERSION.dll
0x00007ffe81310000 - 0x00007ffe81323000 	C:\WINDOWS\SYSTEM32\UMPDC.dll
0x00007ffe80bd0000 - 0x00007ffe80be8000 	C:\WINDOWS\SYSTEM32\kernel.appcore.dll
0x00007ffe7b880000 - 0x00007ffe7b88a000 	C:\Program Files\Android\Android Studio1\jbr\bin\jimage.dll
0x00007ffe6e250000 - 0x00007ffe6e47e000 	C:\WINDOWS\SYSTEM32\DBGHELP.DLL
0x00007ffe837b0000 - 0x00007ffe83b3a000 	C:\WINDOWS\System32\combase.dll
0x00007ffe83250000 - 0x00007ffe83327000 	C:\WINDOWS\System32\OLEAUT32.dll
0x00007ffe6e140000 - 0x00007ffe6e172000 	C:\WINDOWS\SYSTEM32\dbgcore.DLL
0x00007ffe821f0000 - 0x00007ffe8226a000 	C:\WINDOWS\System32\bcryptPrimitives.dll
0x00007ffe70020000 - 0x00007ffe70040000 	C:\Program Files\Android\Android Studio1\jbr\bin\java.dll
0x00007ffe6f880000 - 0x00007ffe6f898000 	C:\Program Files\Android\Android Studio1\jbr\bin\zip.dll
0x00007ffe83b80000 - 0x00007ffe843a3000 	C:\WINDOWS\System32\SHELL32.dll
0x00007ffe7fa70000 - 0x00007ffe8035a000 	C:\WINDOWS\SYSTEM32\windows.storage.dll
0x00007ffe7f880000 - 0x00007ffe7f9be000 	C:\WINDOWS\SYSTEM32\wintypes.dll
0x00007ffe84600000 - 0x00007ffe846f3000 	C:\WINDOWS\System32\SHCORE.dll
0x00007ffe82e80000 - 0x00007ffe82ede000 	C:\WINDOWS\System32\shlwapi.dll
0x00007ffe81b40000 - 0x00007ffe81b66000 	C:\WINDOWS\SYSTEM32\profapi.dll
0x00007ffe7b680000 - 0x00007ffe7b690000 	C:\Program Files\Android\Android Studio1\jbr\bin\net.dll
0x00007ffe7ba90000 - 0x00007ffe7bbc7000 	C:\WINDOWS\SYSTEM32\WINHTTP.dll
0x00007ffe81100000 - 0x00007ffe81169000 	C:\WINDOWS\system32\mswsock.dll
0x00007ffe6ed90000 - 0x00007ffe6eda6000 	C:\Program Files\Android\Android Studio1\jbr\bin\nio.dll
0x00007ffe7a630000 - 0x00007ffe7a640000 	C:\Program Files\Android\Android Studio1\jbr\bin\verify.dll
0x00007ffe7aea0000 - 0x00007ffe7aea9000 	C:\Program Files\Android\Android Studio1\jbr\bin\management.dll
0x00007ffe7acd0000 - 0x00007ffe7acdb000 	C:\Program Files\Android\Android Studio1\jbr\bin\management_ext.dll
0x00007ffe837a0000 - 0x00007ffe837a8000 	C:\WINDOWS\System32\PSAPI.DLL
0x00007ffe5a020000 - 0x00007ffe5a047000 	C:\Users\kevin.panata\.gradle\native\1def1411415f61bf3af743bc5b6707747c0891f09f0c88961ee8f79bc544acac\windows-amd64\native-platform.dll
0x00007ffe804b0000 - 0x00007ffe804dd000 	C:\WINDOWS\SYSTEM32\IPHLPAPI.DLL
0x00007ffe82c00000 - 0x00007ffe82c09000 	C:\WINDOWS\System32\NSI.dll
0x00007ffe7ac60000 - 0x00007ffe7ac69000 	C:\Program Files\Android\Android Studio1\jbr\bin\extnet.dll
0x00007ffe81470000 - 0x00007ffe8148b000 	C:\WINDOWS\SYSTEM32\CRYPTSP.dll
0x00007ffe80b90000 - 0x00007ffe80bc5000 	C:\WINDOWS\system32\rsaenh.dll
0x00007ffe811a0000 - 0x00007ffe811cc000 	C:\WINDOWS\SYSTEM32\USERENV.dll
0x00007ffe815b0000 - 0x00007ffe815d8000 	C:\WINDOWS\SYSTEM32\bcrypt.dll
0x00007ffe81450000 - 0x00007ffe8145c000 	C:\WINDOWS\SYSTEM32\CRYPTBASE.dll
0x00007ffe5c790000 - 0x00007ffe5c798000 	C:\WINDOWS\system32\wshunix.dll

JVMTI agents: none

dbghelp: loaded successfully - version: 4.0.5 - missing functions: none
symbol engine: initialized successfully - sym options: 0x614 - pdb path: .;C:\Program Files\Android\Android Studio1\jbr\bin;C:\WINDOWS\SYSTEM32;C:\WINDOWS\WinSxS\amd64_microsoft.windows.common-controls_6595b64144ccf1df_6.0.22621.2215_none_270d72677387dfc3;C:\Program Files\Android\Android Studio1\jbr\bin\server;C:\Users\kevin.panata\.gradle\native\1def1411415f61bf3af743bc5b6707747c0891f09f0c88961ee8f79bc544acac\windows-amd64

VM Arguments:
jvm_args: -Dorg.gradle.appname=gradlew 
java_command: org.gradle.wrapper.GradleWrapperMain -q -Ptarget-platform=android-arm64 -Ptarget=C:\src\TESIS\ficha_vulnerabilidad\lib\main.dart -Pbase-application-name=android.app.Application -Pdart-defines=Zmx1dHRlci5pbnNwZWN0b3Iuc3RydWN0dXJlZEVycm9ycz10cnVl,RkxVVFRFUl9WRVJTSU9OPTMuMzguNw==,RkxVVFRFUl9DSEFOTkVMPXN0YWJsZQ==,RkxVVFRFUl9HSVRfVVJMPWh0dHBzOi8vZ2l0aHViLmNvbS9mbHV0dGVyL2ZsdXR0ZXIuZ2l0,RkxVVFRFUl9GUkFNRVdPUktfUkVWSVNJT049M2I2MmVmYzJhMw==,RkxVVFRFUl9FTkdJTkVfUkVWSVNJT049NzhmYzMwMTJlNA==,RkxVVFRFUl9EQVJUX1ZFUlNJT049My4xMC43 -Pdart-obfuscation=false -Ptrack-widget-creation=true -Ptree-shake-icons=false -Pfilesystem-scheme=org-dartlang-root assembleDebug
java_class_path (initial): C:\src\TESIS\ficha_vulnerabilidad\android\\gradle\wrapper\gradle-wrapper.jar
Launcher Type: SUN_STANDARD

[Global flags]
     intx CICompilerCount                          = 4                                         {product} {ergonomic}
     uint ConcGCThreads                            = 3                                         {product} {ergonomic}
     uint G1ConcRefinementThreads                  = 10                                        {product} {ergonomic}
   size_t G1HeapRegionSize                         = 1048576                                   {product} {ergonomic}
    uintx GCDrainStackTargetSize                   = 64                                        {product} {ergonomic}
   size_t InitialHeapSize                          = 130023424                                 {product} {ergonomic}
   size_t MarkStackSize                            = 4194304                                   {product} {ergonomic}
   size_t MaxHeapSize                              = 2078277632                                {product} {ergonomic}
   size_t MaxNewSize                               = 1246756864                                {product} {ergonomic}
   size_t MinHeapDeltaBytes                        = 1048576                                   {product} {ergonomic}
   size_t MinHeapSize                              = 8388608                                   {product} {ergonomic}
    uintx NonNMethodCodeHeapSize                   = 5839372                                {pd product} {ergonomic}
    uintx NonProfiledCodeHeapSize                  = 122909434                              {pd product} {ergonomic}
    uintx ProfiledCodeHeapSize                     = 122909434                              {pd product} {ergonomic}
    uintx ReservedCodeCacheSize                    = 251658240                              {pd product} {ergonomic}
     bool SegmentedCodeCache                       = true                                      {product} {ergonomic}
   size_t SoftMaxHeapSize                          = 2078277632                             {manageable} {ergonomic}
     bool UseCompressedOops                        = true                           {product lp64_product} {ergonomic}
     bool UseG1GC                                  = true                                      {product} {ergonomic}
     bool UseLargePagesIndividualAllocation        = false                                  {pd product} {ergonomic}

Logging:
Log output configuration:
 #0: stdout all=warning uptime,level,tags foldmultilines=false
 #1: stderr all=off uptime,level,tags foldmultilines=false

Environment Variables:
JAVA_HOME=C:\Program Files\Android\Android Studio1\jbr
CLASSPATH=C:\src\TESIS\ficha_vulnerabilidad\android\\gradle\wrapper\gradle-wrapper.jar
PATH=C:\Program Files\Android\Android Studio1\jbr\bin;C:\Program Files\Eclipse Adoptium\jdk-17.0.16.8-hotspot\bin;C:\Program Files (x86)\Common Files\Oracle\Java\java8path;C:\Program Files (x86)\Common Files\Oracle\Java\javapath;C:\Program Files\Microsoft MPI\Bin\;C:\WINDOWS\system32;C:\WINDOWS;C:\WINDOWS\System32\Wbem;C:\WINDOWS\System32\WindowsPowerShell\v1.0\;C:\WINDOWS\System32\OpenSSH\;C:\Program Files\Docker\Docker\resources\bin;C:\Program Files\nodejs\;C:\Program Files\Java\jdk-11\bin;C:\Program Files (x86)\Microsoft SQL Server\160\Tools\Binn\;C:\Program Files\Microsoft SQL Server\160\Tools\Binn\;C:\Program Files\Microsoft SQL Server\Client SDK\ODBC\170\Tools\Binn\;C:\Program Files\Microsoft SQL Server\160\DTS\Binn\;%JAVA_HOME\bin;%MAVEN_HOME\bin;C:\Users\kevin.panata\develop\flutter\bin;C:\Program Files\Java\apache-maven-3.9.6\bin;C:\Program Files\cursor\resources\app\bin;C:\Users\kevin.panata\AppData\Local\Pub\Cache\bin;C:\Users\kevin.panata\AppData\Local\Programs\Git\cmd;C:\Program Files\Eclipse Adoptium\jdk-17.0.16.8-hotspot\bin;C:\Program Files (x86)\Common Files\Oracle\Java\java8path;C:\Program Files (x86)\Common Files\Oracle\Java\javapath;C:\Program Files\Microsoft MPI\Bin\;C:\WINDOWS\system32;C:\WINDOWS;C:\WINDOWS\System32\Wbem;C:\WINDOWS\System32\WindowsPowerShell\v1.0\;C:\WINDOWS\System32\OpenSSH\;C:\Program Files\Docker\Docker\resources\bin;C:\Program Files\nodejs\;C:\Program Files\Java\jdk-11\bin;C:\Program Files (x86)\Microsoft SQL Server\160\Tools\Binn\;C:\Program Files\Microsoft SQL Server\160\Tools\Binn\;C:\Program Files\Microsoft SQL Server\Client SDK\ODBC\170\Tools\Binn\;C:\Program Files\Microsoft SQL Server\160\DTS\Binn\;%JAVA_HOME\bin;%MAVEN_HOME\bin;C:\Users\kevin.panata\develop\flutter\bin;C:\Program Files\Java\apache-maven-3.9.6\bin;C:\Program Files\cursor\resources\app\bin;C:\Users\kevin.panata\AppData\Local\Microsoft\WindowsApps;C:\Users\kevin.panata\AppData\Local\Programs\Microsoft VS Code\bin;C:\Users\kevin.panata\AppData\Roaming\npm;C:\Users\kevin.pan;C:\Users\kevin.panata\AppData\Local\PowerToys\DSCModules\
USERNAME=kevin.panata
OS=Windows_NT
PROCESSOR_IDENTIFIER=Intel64 Family 6 Model 151 Stepping 5, GenuineIntel
TMP=C:\Users\KEVIN~1.PAN\AppData\Local\Temp\9
TEMP=C:\Users\KEVIN~1.PAN\AppData\Local\Temp\9




Periodic native trim disabled

JNI global refs:
JNI global refs: 19, weak refs: 4

JNI global refs memory usage: 835, weak refs: 833

Process memory usage:
Resident Set Size: 23404K (0% of 8110968K total physical memory with 1039304K free physical memory)

OOME stack traces (most recent first):
Classloader memory used:
Loader bootstrap                                                                       : 12866K
Loader org.gradle.internal.classloader.VisitableURLClassLoader                         : 4429K
Loader java.net.URLClassLoader                                                         : 234K
Loader jdk.internal.loader.ClassLoaders$AppClassLoader                                 : 149K
Loader jdk.internal.loader.ClassLoaders$PlatformClassLoader                            : 110K


[error occurred during error reporting (Classloader stats), id 0xe0000001, Out of Memory Error (s\src\hotspot\share\memory\arena.cpp:168)]
---------------  S Y S T E M  ---------------

OS:
 Windows 11 , 64 bit Build 22621 (10.0.22621.2215)
OS uptime: 43 days 6:00 hours
Hyper-V role detected

CPU: total 12 (initial active 12) (6 cores per cpu, 2 threads per core) family 6 model 151 stepping 5 microcode 0x26, cx8, cmov, fxsr, ht, mmx, 3dnowpref, sse, sse2, sse3, ssse3, sse4.1, sse4.2, popcnt, lzcnt, tsc, tscinvbit, avx, avx2, aes, erms, clmul, bmi1, bmi2, adx, sha, fma, vzeroupper, clflush, clflushopt, clwb, hv, serialize, rdtscp, rdpid, fsrm, f16c, cet_ibt, cet_ss
Processor Information for the first 12 processors :
  Max Mhz: 3000, Current Mhz: 3000, Mhz Limit: 3000

Memory: 4k page, system-wide physical 7920M (1016M free)
TotalPageFile size 32496M (AvailPageFile size 0M)
current process WorkingSet (physical memory assigned to process): 24M, peak: 106M
current process commit charge ("private bytes"): 230M, peak: 235M

vm_info: OpenJDK 64-Bit Server VM (21.0.8+-14196175-b1038.72) for windows-amd64 JRE (21.0.8+-14196175-b1038.72), built on 2025-10-01T10:24:33Z by "builder" with MS VC++ 16.10 / 16.11 (VS2019)

END.
